<?xml version="1.0" encoding="UTF-8"?>
<!-- Generated by org.testng.reporters.JUnitXMLReporter -->
<testsuite ignored="0" hostname="Tithi" failures="0" tests="4" name="testngframework" time="40.334" errors="0" timestamp="2023-08-01T14:03:55 EDT">
  <testcase classname="test_class.Login_test" name="verify" time="0.019"/>
  <testcase classname="test_class.Login_test" name="username" time="5.533"/>
  <testcase classname="test_class.Login_test" name="username" time="5.614"/>
  <testcase classname="test_class.Login_test" name="username" time="5.462"/>
</testsuite> <!-- testngframework -->
